# JRE version: OpenJDK Runtime Environment (8.0_152-b01) (build 1.8.0_152-release-1248-b01)
# Java VM: OpenJDK 64-Bit Server VM (25.152-b01 mixed mode windows-amd64 compressed oops)
Heap:
 PSYoungGen      total 220672K, used 186374K [0x00000000e0000000, 0x00000000f2400000, 0x0000000100000000)
  eden space 192000K, 84% used [0x00000000e0000000,0x00000000e9df8710,0x00000000ebb80000)
  from space 28672K, 85% used [0x00000000ebb80000,0x00000000ed389410,0x00000000ed780000)
  to   space 31744K, 0% used [0x00000000f0500000,0x00000000f0500000,0x00000000f2400000)
 ParOldGen       total 97280K, used 35618K [0x00000000a0000000, 0x00000000a5f00000, 0x00000000e0000000)
  object space 97280K, 36% used [0x00000000a0000000,0x00000000a22c8ac0,0x00000000a5f00000)
 Metaspace       used 80391K, capacity 83372K, committed 83544K, reserved 1122304K
  class space    used 10443K, capacity 11085K, committed 11136K, reserved 1048576K
GC Heap History (10 events):
Event: 18.456 GC heap before
{Heap before GC invocations=12 (full 2):
 PSYoungGen      total 152064K, used 81463K [0x00000000e0000000, 0x00000000ec900000, 0x0000000100000000)
  eden space 135680K, 47% used [0x00000000e0000000,0x00000000e3f92428,0x00000000e8480000)
  from space 16384K, 99% used [0x00000000e8480000,0x00000000e947b998,0x00000000e9480000)
  to   space 21504K, 0% used [0x00000000eb400000,0x00000000eb400000,0x00000000ec900000)
 ParOldGen       total 66560K, used 27976K [0x00000000a0000000, 0x00000000a4100000, 0x00000000e0000000)
  object space 66560K, 42% used [0x00000000a0000000,0x00000000a1b521c0,0x00000000a4100000)
 Metaspace       used 57155K, capacity 58796K, committed 58968K, reserved 1099776K
  class space    used 7793K, capacity 8201K, committed 8320K, reserved 1048576K
Event: 18.550 GC heap after
Heap after GC invocations=12 (full 2):
 PSYoungGen      total 180736K, used 21494K [0x00000000e0000000, 0x00000000edc00000, 0x0000000100000000)
  eden space 159232K, 0% used [0x00000000e0000000,0x00000000e0000000,0x00000000e9b80000)
  from space 21504K, 99% used [0x00000000eb400000,0x00000000ec8fd998,0x00000000ec900000)
  to   space 25088K, 0% used [0x00000000e9b80000,0x00000000e9b80000,0x00000000eb400000)
 ParOldGen       total 66560K, used 28605K [0x00000000a0000000, 0x00000000a4100000, 0x00000000e0000000)
  object space 66560K, 42% used [0x00000000a0000000,0x00000000a1bef470,0x00000000a4100000)
 Metaspace       used 57155K, capacity 58796K, committed 58968K, reserved 1099776K
  class space    used 7793K, capacity 8201K, committed 8320K, reserved 1048576K
}
Event: 18.550 GC heap before
{Heap before GC invocations=13 (full 3):
 PSYoungGen      total 180736K, used 21494K [0x00000000e0000000, 0x00000000edc00000, 0x0000000100000000)
  eden space 159232K, 0% used [0x00000000e0000000,0x00000000e0000000,0x00000000e9b80000)
  from space 21504K, 99% used [0x00000000eb400000,0x00000000ec8fd998,0x00000000ec900000)
  to   space 25088K, 0% used [0x00000000e9b80000,0x00000000e9b80000,0x00000000eb400000)
 ParOldGen       total 66560K, used 28605K [0x00000000a0000000, 0x00000000a4100000, 0x00000000e0000000)
  object space 66560K, 42% used [0x00000000a0000000,0x00000000a1bef470,0x00000000a4100000)
 Metaspace       used 57155K, capacity 58796K, committed 58968K, reserved 1099776K
  class space    used 7793K, capacity 8201K, committed 8320K, reserved 1048576K
Event: 18.879 GC heap after
Heap after GC invocations=13 (full 3):
 PSYoungGen      total 180736K, used 0K [0x00000000e0000000, 0x00000000edc00000, 0x0000000100000000)
  eden space 159232K, 0% used [0x00000000e0000000,0x00000000e0000000,0x00000000e9b80000)
  from space 21504K, 0% used [0x00000000eb400000,0x00000000eb400000,0x00000000ec900000)
  to   space 25088K, 0% used [0x00000000e9b80000,0x00000000e9b80000,0x00000000eb400000)
 ParOldGen       total 97280K, used 35165K [0x00000000a0000000, 0x00000000a5f00000, 0x00000000e0000000)
  object space 97280K, 36% used [0x00000000a0000000,0x00000000a22577a0,0x00000000a5f00000)
 Metaspace       used 57155K, capacity 58796K, committed 58968K, reserved 1099776K
  class space    used 7793K, capacity 8201K, committed 8320K, reserved 1048576K
}
Event: 22.844 GC heap before
{Heap before GC invocations=14 (full 3):
 PSYoungGen      total 180736K, used 159232K [0x00000000e0000000, 0x00000000edc00000, 0x0000000100000000)
  eden space 159232K, 100% used [0x00000000e0000000,0x00000000e9b80000,0x00000000e9b80000)
  from space 21504K, 0% used [0x00000000eb400000,0x00000000eb400000,0x00000000ec900000)
  to   space 25088K, 0% used [0x00000000e9b80000,0x00000000e9b80000,0x00000000eb400000)
 ParOldGen       total 97280K, used 35594K [0x00000000a0000000, 0x00000000a5f00000, 0x00000000e0000000)
  object space 97280K, 36% used [0x00000000a0000000,0x00000000a22c2ac0,0x00000000a5f00000)
 Metaspace       used 70931K, capacity 73308K, committed 73560K, reserved 1112064K
  class space    used 9574K, capacity 10103K, committed 10112K, reserved 1048576K
Event: 22.876 GC heap after
Heap after GC invocations=14 (full 3):
 PSYoungGen      total 184320K, used 18604K [0x00000000e0000000, 0x00000000ef580000, 0x0000000100000000)
  eden space 159232K, 0% used [0x00000000e0000000,0x00000000e0000000,0x00000000e9b80000)
  from space 25088K, 74% used [0x00000000e9b80000,0x00000000eadab290,0x00000000eb400000)
  to   space 26624K, 0% used [0x00000000edb80000,0x00000000edb80000,0x00000000ef580000)
 ParOldGen       total 97280K, used 35602K [0x00000000a0000000, 0x00000000a5f00000, 0x00000000e0000000)
  object space 97280K, 36% used [0x00000000a0000000,0x00000000a22c4ac0,0x00000000a5f00000)
 Metaspace       used 70931K, capacity 73308K, committed 73560K, reserved 1112064K
  class space    used 9574K, capacity 10103K, committed 10112K, reserved 1048576K
}
Event: 976.508 GC heap before
{Heap before GC invocations=15 (full 3):
 PSYoungGen      total 184320K, used 177836K [0x00000000e0000000, 0x00000000ef580000, 0x0000000100000000)
  eden space 159232K, 100% used [0x00000000e0000000,0x00000000e9b80000,0x00000000e9b80000)
  from space 25088K, 74% used [0x00000000e9b80000,0x00000000eadab290,0x00000000eb400000)
  to   space 26624K, 0% used [0x00000000edb80000,0x00000000edb80000,0x00000000ef580000)
 ParOldGen       total 97280K, used 35602K [0x00000000a0000000, 0x00000000a5f00000, 0x00000000e0000000)
  object space 97280K, 36% used [0x00000000a0000000,0x00000000a22c4ac0,0x00000000a5f00000)
 Metaspace       used 78003K, capacity 80862K, committed 81112K, reserved 1120256K
  class space    used 10327K, capacity 10946K, committed 11008K, reserved 1048576K
Event: 976.739 GC heap after
Heap after GC invocations=15 (full 3):
 PSYoungGen      total 216576K, used 21397K [0x00000000e0000000, 0x00000000ef380000, 0x0000000100000000)
  eden space 192000K, 0% used [0x00000000e0000000,0x00000000e0000000,0x00000000ebb80000)
  from space 24576K, 87% used [0x00000000edb80000,0x00000000ef0656b0,0x00000000ef380000)
  to   space 28672K, 0% used [0x00000000ebb80000,0x00000000ebb80000,0x00000000ed780000)
 ParOldGen       total 97280K, used 35610K [0x00000000a0000000, 0x00000000a5f00000, 0x00000000e0000000)
  object space 97280K, 36% used [0x00000000a0000000,0x00000000a22c6ac0,0x00000000a5f00000)
 Metaspace       used 78003K, capacity 80862K, committed 81112K, reserved 1120256K
  class space    used 10327K, capacity 10946K, committed 11008K, reserved 1048576K
}
Event: 981.648 GC heap before
{Heap before GC invocations=16 (full 3):
 PSYoungGen      total 216576K, used 212856K [0x00000000e0000000, 0x00000000ef380000, 0x0000000100000000)
  eden space 192000K, 99% used [0x00000000e0000000,0x00000000ebaf8960,0x00000000ebb80000)
  from space 24576K, 87% used [0x00000000edb80000,0x00000000ef0656b0,0x00000000ef380000)
  to   space 28672K, 0% used [0x00000000ebb80000,0x00000000ebb80000,0x00000000ed780000)
 ParOldGen       total 97280K, used 35610K [0x00000000a0000000, 0x00000000a5f00000, 0x00000000e0000000)
  object space 97280K, 36% used [0x00000000a0000000,0x00000000a22c6ac0,0x00000000a5f00000)
 Metaspace       used 79686K, capacity 82682K, committed 83032K, reserved 1122304K
  class space    used 10415K, capacity 11030K, committed 11136K, reserved 1048576K
Event: 981.754 GC heap after
Heap after GC invocations=16 (full 3):
 PSYoungGen      total 220672K, used 24613K [0x00000000e0000000, 0x00000000f2400000, 0x0000000100000000)
  eden space 192000K, 0% used [0x00000000e0000000,0x00000000e0000000,0x00000000ebb80000)
  from space 28672K, 85% used [0x00000000ebb80000,0x00000000ed389410,0x00000000ed780000)
  to   space 31744K, 0% used [0x00000000f0500000,0x00000000f0500000,0x00000000f2400000)
 ParOldGen       total 97280K, used 35618K [0x00000000a0000000, 0x00000000a5f00000, 0x00000000e0000000)
  object space 97280K, 36% used [0x00000000a0000000,0x00000000a22c8ac0,0x00000000a5f00000)
 Metaspace       used 79686K, capacity 82682K, committed 83032K, reserved 1122304K
  class space    used 10415K, capacity 11030K, committed 11136K, reserved 1048576K
}

