# JRE version: OpenJDK Runtime Environment (8.0_152-b01) (build 1.8.0_152-release-1248-b01)
# Java VM: OpenJDK 64-Bit Server VM (25.152-b01 mixed mode windows-amd64 compressed oops)
Heap:
 PSYoungGen      total 251904K, used 42982K [0x00000000e0000000, 0x00000000f1700000, 0x0000000100000000)
  eden space 236032K, 16% used [0x00000000e0000000,0x00000000e251bd58,0x00000000ee680000)
  from space 15872K, 31% used [0x00000000ef600000,0x00000000efaddbc8,0x00000000f0580000)
  to   space 15872K, 0% used [0x00000000ee680000,0x00000000ee680000,0x00000000ef600000)
 ParOldGen       total 95744K, used 37123K [0x00000000a0000000, 0x00000000a5d80000, 0x00000000e0000000)
  object space 95744K, 38% used [0x00000000a0000000,0x00000000a2440d90,0x00000000a5d80000)
 Metaspace       used 70717K, capacity 73738K, committed 74072K, reserved 1114112K
  class space    used 9452K, capacity 10030K, committed 10112K, reserved 1048576K
GC Heap History (10 events):
Event: 25.140 GC heap before
{Heap before GC invocations=17 (full 3):
 PSYoungGen      total 174080K, used 169257K [0x00000000e0000000, 0x00000000ee280000, 0x0000000100000000)
  eden space 158720K, 100% used [0x00000000e0000000,0x00000000e9b00000,0x00000000e9b00000)
  from space 15360K, 68% used [0x00000000e9b00000,0x00000000ea54a5e0,0x00000000eaa00000)
  to   space 15872K, 0% used [0x00000000ed300000,0x00000000ed300000,0x00000000ee280000)
 ParOldGen       total 95744K, used 37083K [0x00000000a0000000, 0x00000000a5d80000, 0x00000000e0000000)
  object space 95744K, 38% used [0x00000000a0000000,0x00000000a2436d90,0x00000000a5d80000)
 Metaspace       used 66218K, capacity 68748K, committed 68824K, reserved 1107968K
  class space    used 8855K, capacity 9403K, committed 9472K, reserved 1048576K
Event: 25.224 GC heap after
Heap after GC invocations=17 (full 3):
 PSYoungGen      total 216576K, used 4959K [0x00000000e0000000, 0x00000000ee480000, 0x0000000100000000)
  eden space 200704K, 0% used [0x00000000e0000000,0x00000000e0000000,0x00000000ec400000)
  from space 15872K, 31% used [0x00000000ed300000,0x00000000ed7d7de8,0x00000000ee280000)
  to   space 15360K, 0% used [0x00000000ec400000,0x00000000ec400000,0x00000000ed300000)
 ParOldGen       total 95744K, used 37091K [0x00000000a0000000, 0x00000000a5d80000, 0x00000000e0000000)
  object space 95744K, 38% used [0x00000000a0000000,0x00000000a2438d90,0x00000000a5d80000)
 Metaspace       used 66218K, capacity 68748K, committed 68824K, reserved 1107968K
  class space    used 8855K, capacity 9403K, committed 9472K, reserved 1048576K
}
Event: 27.283 GC heap before
{Heap before GC invocations=18 (full 3):
 PSYoungGen      total 216576K, used 205663K [0x00000000e0000000, 0x00000000ee480000, 0x0000000100000000)
  eden space 200704K, 100% used [0x00000000e0000000,0x00000000ec400000,0x00000000ec400000)
  from space 15872K, 31% used [0x00000000ed300000,0x00000000ed7d7de8,0x00000000ee280000)
  to   space 15360K, 0% used [0x00000000ec400000,0x00000000ec400000,0x00000000ed300000)
 ParOldGen       total 95744K, used 37091K [0x00000000a0000000, 0x00000000a5d80000, 0x00000000e0000000)
  object space 95744K, 38% used [0x00000000a0000000,0x00000000a2438d90,0x00000000a5d80000)
 Metaspace       used 66579K, capacity 69144K, committed 69336K, reserved 1110016K
  class space    used 8887K, capacity 9445K, committed 9472K, reserved 1048576K
Event: 27.357 GC heap after
Heap after GC invocations=18 (full 3):
 PSYoungGen      total 216064K, used 8509K [0x00000000e0000000, 0x00000000ee480000, 0x0000000100000000)
  eden space 200704K, 0% used [0x00000000e0000000,0x00000000e0000000,0x00000000ec400000)
  from space 15360K, 55% used [0x00000000ec400000,0x00000000ecc4f470,0x00000000ed300000)
  to   space 15872K, 0% used [0x00000000ed300000,0x00000000ed300000,0x00000000ee280000)
 ParOldGen       total 95744K, used 37099K [0x00000000a0000000, 0x00000000a5d80000, 0x00000000e0000000)
  object space 95744K, 38% used [0x00000000a0000000,0x00000000a243ad90,0x00000000a5d80000)
 Metaspace       used 66579K, capacity 69144K, committed 69336K, reserved 1110016K
  class space    used 8887K, capacity 9445K, committed 9472K, reserved 1048576K
}
Event: 29.908 GC heap before
{Heap before GC invocations=19 (full 3):
 PSYoungGen      total 216064K, used 209213K [0x00000000e0000000, 0x00000000ee480000, 0x0000000100000000)
  eden space 200704K, 100% used [0x00000000e0000000,0x00000000ec400000,0x00000000ec400000)
  from space 15360K, 55% used [0x00000000ec400000,0x00000000ecc4f470,0x00000000ed300000)
  to   space 15872K, 0% used [0x00000000ed300000,0x00000000ed300000,0x00000000ee280000)
 ParOldGen       total 95744K, used 37099K [0x00000000a0000000, 0x00000000a5d80000, 0x00000000e0000000)
  object space 95744K, 38% used [0x00000000a0000000,0x00000000a243ad90,0x00000000a5d80000)
 Metaspace       used 67206K, capacity 69824K, committed 69976K, reserved 1110016K
  class space    used 8957K, capacity 9503K, committed 9600K, reserved 1048576K
Event: 29.926 GC heap after
Heap after GC invocations=19 (full 3):
 PSYoungGen      total 216576K, used 8176K [0x00000000e0000000, 0x00000000ee480000, 0x0000000100000000)
  eden space 200704K, 0% used [0x00000000e0000000,0x00000000e0000000,0x00000000ec400000)
  from space 15872K, 51% used [0x00000000ed300000,0x00000000edafc300,0x00000000ee280000)
  to   space 15360K, 0% used [0x00000000ec400000,0x00000000ec400000,0x00000000ed300000)
 ParOldGen       total 95744K, used 37107K [0x00000000a0000000, 0x00000000a5d80000, 0x00000000e0000000)
  object space 95744K, 38% used [0x00000000a0000000,0x00000000a243cd90,0x00000000a5d80000)
 Metaspace       used 67206K, capacity 69824K, committed 69976K, reserved 1110016K
  class space    used 8957K, capacity 9503K, committed 9600K, reserved 1048576K
}
Event: 31.813 GC heap before
{Heap before GC invocations=20 (full 3):
 PSYoungGen      total 216576K, used 207924K [0x00000000e0000000, 0x00000000ee480000, 0x0000000100000000)
  eden space 200704K, 99% used [0x00000000e0000000,0x00000000ec3110c8,0x00000000ec400000)
  from space 15872K, 51% used [0x00000000ed300000,0x00000000edafc300,0x00000000ee280000)
  to   space 15360K, 0% used [0x00000000ec400000,0x00000000ec400000,0x00000000ed300000)
 ParOldGen       total 95744K, used 37107K [0x00000000a0000000, 0x00000000a5d80000, 0x00000000e0000000)
  object space 95744K, 38% used [0x00000000a0000000,0x00000000a243cd90,0x00000000a5d80000)
 Metaspace       used 69567K, capacity 72490K, committed 72536K, reserved 1112064K
  class space    used 9252K, capacity 9836K, committed 9856K, reserved 1048576K
Event: 31.830 GC heap after
Heap after GC invocations=20 (full 3):
 PSYoungGen      total 216064K, used 13006K [0x00000000e0000000, 0x00000000f0580000, 0x0000000100000000)
  eden space 200704K, 0% used [0x00000000e0000000,0x00000000e0000000,0x00000000ec400000)
  from space 15360K, 84% used [0x00000000ec400000,0x00000000ed0b3920,0x00000000ed300000)
  to   space 15872K, 0% used [0x00000000ef600000,0x00000000ef600000,0x00000000f0580000)
 ParOldGen       total 95744K, used 37115K [0x00000000a0000000, 0x00000000a5d80000, 0x00000000e0000000)
  object space 95744K, 38% used [0x00000000a0000000,0x00000000a243ed90,0x00000000a5d80000)
 Metaspace       used 69567K, capacity 72490K, committed 72536K, reserved 1112064K
  class space    used 9252K, capacity 9836K, committed 9856K, reserved 1048576K
}
Event: 31.892 GC heap before
{Heap before GC invocations=21 (full 3):
 PSYoungGen      total 216064K, used 213178K [0x00000000e0000000, 0x00000000f0580000, 0x0000000100000000)
  eden space 200704K, 99% used [0x00000000e0000000,0x00000000ec37b138,0x00000000ec400000)
  from space 15360K, 84% used [0x00000000ec400000,0x00000000ed0b3920,0x00000000ed300000)
  to   space 15872K, 0% used [0x00000000ef600000,0x00000000ef600000,0x00000000f0580000)
 ParOldGen       total 95744K, used 37115K [0x00000000a0000000, 0x00000000a5d80000, 0x00000000e0000000)
  object space 95744K, 38% used [0x00000000a0000000,0x00000000a243ed90,0x00000000a5d80000)
 Metaspace       used 69577K, capacity 72490K, committed 72536K, reserved 1112064K
  class space    used 9252K, capacity 9836K, committed 9856K, reserved 1048576K
Event: 31.900 GC heap after
Heap after GC invocations=21 (full 3):
 PSYoungGen      total 251904K, used 4982K [0x00000000e0000000, 0x00000000f1700000, 0x0000000100000000)
  eden space 236032K, 0% used [0x00000000e0000000,0x00000000e0000000,0x00000000ee680000)
  from space 15872K, 31% used [0x00000000ef600000,0x00000000efaddbc8,0x00000000f0580000)
  to   space 15872K, 0% used [0x00000000ee680000,0x00000000ee680000,0x00000000ef600000)
 ParOldGen       total 95744K, used 37123K [0x00000000a0000000, 0x00000000a5d80000, 0x00000000e0000000)
  object space 95744K, 38% used [0x00000000a0000000,0x00000000a2440d90,0x00000000a5d80000)
 Metaspace       used 69577K, capacity 72490K, committed 72536K, reserved 1112064K
  class space    used 9252K, capacity 9836K, committed 9856K, reserved 1048576K
}

